[debug] [2023-10-20T12:11:25.232Z] ----------------------------------------------------------------------
[debug] [2023-10-20T12:11:25.240Z] Command:       C:\Program Files\nodejs\node.exe C:\Users\nashr\AppData\Roaming\npm\node_modules\firebase-tools\lib\bin\firebase.js init
[debug] [2023-10-20T12:11:25.242Z] CLI Version:   12.4.7
[debug] [2023-10-20T12:11:25.242Z] Platform:      win32
[debug] [2023-10-20T12:11:25.243Z] Node Version:  v18.17.0
[debug] [2023-10-20T12:11:25.246Z] Time:          Fri Oct 20 2023 17:11:25 GMT+0500 (Pakistan Standard Time)
[debug] [2023-10-20T12:11:25.246Z] ----------------------------------------------------------------------
[debug] 
[debug] [2023-10-20T12:11:25.258Z] >>> [apiv2][query] GET https://firebase-public.firebaseio.com/cli.json [none]
[debug] [2023-10-20T12:11:25.420Z] > command requires scopes: ["email","openid","https://www.googleapis.com/auth/cloudplatformprojects.readonly","https://www.googleapis.com/auth/firebase","https://www.googleapis.com/auth/cloud-platform"]
[debug] [2023-10-20T12:11:25.421Z] > authorizing via signed-in user (junaidomamah@gmail.com)
[info] 
     ######## #### ########  ######## ########     ###     ######  ########
     ##        ##  ##     ## ##       ##     ##  ##   ##  ##       ##
     ######    ##  ########  ######   ########  #########  ######  ######
     ##        ##  ##    ##  ##       ##     ## ##     ##       ## ##
     ##       #### ##     ## ######## ########  ##     ##  ######  ########

You're about to initialize a Firebase project in this directory:

  C:\Users\nashr\Desktop\todo list

[debug] [2023-10-20T12:11:26.333Z] <<< [apiv2][status] GET https://firebase-public.firebaseio.com/cli.json 200
[debug] [2023-10-20T12:11:26.335Z] <<< [apiv2][body] GET https://firebase-public.firebaseio.com/cli.json {"cloudBuildErrorAfter":1594252800000,"cloudBuildWarnAfter":1590019200000,"defaultNode10After":1594252800000,"minVersion":"3.0.5","node8DeploysDisabledAfter":1613390400000,"node8RuntimeDisabledAfter":1615809600000,"node8WarnAfter":1600128000000}
